\BOOKMARK [0][-]{chapter.1}{Problem analysis}{}% 1
\BOOKMARK [1][-]{section.1.1}{Problem specification}{chapter.1}% 2
\BOOKMARK [1][-]{section.1.2}{Italian rules for syllabification}{chapter.1}% 3
\BOOKMARK [1][-]{section.1.3}{Related work}{chapter.1}% 4
\BOOKMARK [0][-]{chapter.2}{Software design}{}% 5
\BOOKMARK [1][-]{section.2.1}{Word splitting procedure}{chapter.2}% 6
\BOOKMARK [1][-]{section.2.2}{Syllable splitting rules}{chapter.2}% 7
\BOOKMARK [1][-]{section.2.3}{Frequency analysis}{chapter.2}% 8
\BOOKMARK [2][-]{subsection.2.3.1}{Syllable count}{section.2.3}% 9
\BOOKMARK [2][-]{subsection.2.3.2}{Order statistics}{section.2.3}% 10
\BOOKMARK [1][-]{section.2.4}{Integration and distributed architecture}{chapter.2}% 11
\BOOKMARK [2][-]{subsection.2.4.1}{Sequential architecture}{section.2.4}% 12
\BOOKMARK [2][-]{subsection.2.4.2}{Parallel architecture}{section.2.4}% 13
\BOOKMARK [2][-]{subsection.2.4.3}{First distributed architecture}{section.2.4}% 14
\BOOKMARK [2][-]{subsection.2.4.4}{Second distributed architecture}{section.2.4}% 15
\BOOKMARK [0][-]{chapter.3}{Tests}{}% 16
\BOOKMARK [1][-]{section.3.1}{Unit tests}{chapter.3}% 17
\BOOKMARK [1][-]{section.3.2}{Profiling}{chapter.3}% 18
\BOOKMARK [2][-]{subsection.3.2.1}{General assessment}{section.3.2}% 19
\BOOKMARK [2][-]{subsection.3.2.2}{Execution time with respect to degree of parallelism}{section.3.2}% 20
\BOOKMARK [2][-]{subsection.3.2.3}{Comparing the most promising architectures}{section.3.2}% 21
